<?xml version="1.0" encoding="UTF-8"?>
<testng-results skipped="0" failed="0" ignored="0" total="1" passed="1">
  <reporter-output>
    <line>
      <![CDATA[Extent Report DirectoryC:\Users\Jeff\Downloads\TallerTDDMaquinaDeCafe\Selenium\AutomationPractice\target\surefire-reports\html]]>
    </line>
    <line>
      <![CDATA[HomePageTest: search Box Test]]>
    </line>
    <line>
      <![CDATA[klk con klk]]>
    </line>
  </reporter-output>
  <suite name="Automation Test" duration-ms="7672" started-at="2019-06-30T19:21:07Z" finished-at="2019-06-30T19:21:15Z">
    <groups>
    </groups>
    <test name="Search Test" duration-ms="7672" started-at="2019-06-30T19:21:07Z" finished-at="2019-06-30T19:21:15Z">
      <class name="HomePageTestPackage.HomePageTest">
        <test-method status="PASS" signature="extentSetup(org.testng.ITestContext)[pri:0, instance:HomePageTestPackage.HomePageTest@4b1c1ea0]" name="extentSetup" is-config="true" duration-ms="119" started-at="2019-06-30T19:21:07Z" finished-at="2019-06-30T19:21:07Z">
          <params>
            <param index="0">
              <value>
                <![CDATA[org.testng.TestRunner@6bb2d00b]]>
              </value>
            </param>
          </params>
          <reporter-output>
            <line>
              <![CDATA[Extent Report DirectoryC:\Users\Jeff\Downloads\TallerTDDMaquinaDeCafe\Selenium\AutomationPractice\target\surefire-reports\html]]>
            </line>
          </reporter-output>
        </test-method> <!-- extentSetup -->
        <test-method status="PASS" signature="setUp(boolean, java.lang.String, java.lang.String, java.lang.String, java.lang.String, java.lang.String, java.lang.String)[pri:0, instance:HomePageTestPackage.HomePageTest@4b1c1ea0]" name="setUp" is-config="true" duration-ms="5801" started-at="2019-06-30T19:21:07Z" finished-at="2019-06-30T19:21:13Z">
          <params>
            <param index="0">
              <value>
                <![CDATA[false]]>
              </value>
            </param>
            <param index="1">
              <value>
                <![CDATA[browserstack]]>
              </value>
            </param>
            <param index="2">
              <value>
                <![CDATA[windows]]>
              </value>
            </param>
            <param index="3">
              <value>
                <![CDATA[10]]>
              </value>
            </param>
            <param index="4">
              <value>
                <![CDATA[chrome]]>
              </value>
            </param>
            <param index="5">
              <value>
                <![CDATA[60.0]]>
              </value>
            </param>
            <param index="6">
              <value>
                <![CDATA[automationpractice.com]]>
              </value>
            </param>
          </params>
          <reporter-output>
          </reporter-output>
        </test-method> <!-- setUp -->
        <test-method status="PASS" signature="startExtent(java.lang.reflect.Method)[pri:0, instance:HomePageTestPackage.HomePageTest@4b1c1ea0]" name="startExtent" is-config="true" duration-ms="7" started-at="2019-06-30T19:21:13Z" finished-at="2019-06-30T19:21:13Z">
          <params>
            <param index="0">
              <value>
                <![CDATA[public void HomePageTestPackage.HomePageTest.searchBoxTest()]]>
              </value>
            </param>
          </params>
          <reporter-output>
          </reporter-output>
        </test-method> <!-- startExtent -->
        <test-method status="PASS" signature="init()[pri:0, instance:HomePageTestPackage.HomePageTest@4b1c1ea0]" name="init" is-config="true" duration-ms="21" started-at="2019-06-30T19:21:13Z" finished-at="2019-06-30T19:21:13Z">
          <reporter-output>
          </reporter-output>
        </test-method> <!-- init -->
        <test-method status="PASS" signature="searchBoxTest()[pri:0, instance:HomePageTestPackage.HomePageTest@4b1c1ea0]" name="searchBoxTest" duration-ms="917" started-at="2019-06-30T19:21:13Z" finished-at="2019-06-30T19:21:14Z">
          <reporter-output>
            <line>
              <![CDATA[HomePageTest: search Box Test]]>
            </line>
            <line>
              <![CDATA[klk con klk]]>
            </line>
          </reporter-output>
        </test-method> <!-- searchBoxTest -->
        <test-method status="PASS" signature="afterEachTestMethod(org.testng.ITestResult)[pri:0, instance:HomePageTestPackage.HomePageTest@4b1c1ea0]" name="afterEachTestMethod" is-config="true" duration-ms="916" started-at="2019-06-30T19:21:14Z" finished-at="2019-06-30T19:21:15Z">
          <params>
            <param index="0">
              <value>
                <![CDATA[[TestResult name=searchBoxTest status=SUCCESS method=HomePageTest.searchBoxTest()[pri:0, instance:HomePageTestPackage.HomePageTest@4b1c1ea0] output=HomePageTest: search Box Test]]]>
              </value>
            </param>
          </params>
          <reporter-output>
          </reporter-output>
        </test-method> <!-- afterEachTestMethod -->
        <test-method status="PASS" signature="cleanUp()[pri:0, instance:HomePageTestPackage.HomePageTest@4b1c1ea0]" name="cleanUp" is-config="true" duration-ms="0" started-at="2019-06-30T19:21:15Z" finished-at="2019-06-30T19:21:15Z">
          <reporter-output>
          </reporter-output>
        </test-method> <!-- cleanUp -->
        <test-method status="PASS" signature="generateReport()[pri:0, instance:HomePageTestPackage.HomePageTest@4b1c1ea0]" name="generateReport" is-config="true" duration-ms="36" started-at="2019-06-30T19:21:15Z" finished-at="2019-06-30T19:21:15Z">
          <reporter-output>
          </reporter-output>
        </test-method> <!-- generateReport -->
      </class> <!-- HomePageTestPackage.HomePageTest -->
    </test> <!-- Search Test -->
  </suite> <!-- Automation Test -->
</testng-results>
